<?xml version="1.0" encoding="UTF-8"?>
<testsuite xmlns:xsi="http://www.w3.org/2001/XMLSchema-instance" xsi:noNamespaceSchemaLocation="https://maven.apache.org/surefire/maven-surefire-plugin/xsd/surefire-test-report-3.0.xsd" version="3.0" name="com.pizza.PizzaCaoticaTest" time="0.057" tests="30" errors="0" skipped="0" failures="0">
  <properties>
[...]
</properties>
  <testcase name="testeFluxoStatusCompleto" classname="com.pizza.PizzaCaoticaTest" time="0.004"/>
  <testcase name="testeCalculaTotalSemDesconto" classname="com.pizza.PizzaCaoticaTest" time="0.0"/>
  <testcase name="testeTreco2ComDesconto" classname="com.pizza.PizzaCaoticaTest" time="0.0"/>
  <testcase name="teste10" classname="com.pizza.PizzaCaoticaTest" time="0.0"/>
  <testcase name="teste11" classname="com.pizza.PizzaCaoticaTest" time="0.0"/>
  <testcase name="teste12" classname="com.pizza.PizzaCaoticaTest" time="0.0"/>
  <testcase name="teste13" classname="com.pizza.PizzaCaoticaTest" time="0.0"/>
  <testcase name="teste14" classname="com.pizza.PizzaCaoticaTest" time="0.0"/>
  <testcase name="teste15" classname="com.pizza.PizzaCaoticaTest" time="0.0"/>
  <testcase name="teste16" classname="com.pizza.PizzaCaoticaTest" time="0.0"/>
  <testcase name="teste17" classname="com.pizza.PizzaCaoticaTest" time="0.0"/>
  <testcase name="teste18" classname="com.pizza.PizzaCaoticaTest" time="0.0"/>
  <testcase name="teste19" classname="com.pizza.PizzaCaoticaTest" time="0.0"/>
  <testcase name="teste20" classname="com.pizza.PizzaCaoticaTest" time="0.0"/>
  <testcase name="teste1" classname="com.pizza.PizzaCaoticaTest" time="0.001"/>
  <testcase name="teste2" classname="com.pizza.PizzaCaoticaTest" time="0.0"/>
  <testcase name="teste3" classname="com.pizza.PizzaCaoticaTest" time="0.0"/>
  <testcase name="teste4" classname="com.pizza.PizzaCaoticaTest" time="0.0"/>
  <testcase name="teste5" classname="com.pizza.PizzaCaoticaTest" time="0.0"/>
  <testcase name="teste6" classname="com.pizza.PizzaCaoticaTest" time="0.0"/>
  <testcase name="teste7" classname="com.pizza.PizzaCaoticaTest" time="0.0"/>
  <testcase name="teste8" classname="com.pizza.PizzaCaoticaTest" time="0.0"/>
  <testcase name="teste9" classname="com.pizza.PizzaCaoticaTest" time="0.0"/>
  <testcase name="testeCalculaTotalComDesconto" classname="com.pizza.PizzaCaoticaTest" time="0.001"/>
  <testcase name="testeDescontoAplicado" classname="com.pizza.PizzaCaoticaTest" time="0.0"/>
  <testcase name="testePizzaPequenaPrecoCorreto" classname="com.pizza.PizzaCaoticaTest" time="0.0"/>
  <testcase name="testePizzaMediaTudoJunto" classname="com.pizza.PizzaCaoticaTest" time="0.0"/>
  <testcase name="testeStatusGlobalInicial" classname="com.pizza.PizzaCaoticaTest" time="0.0"/>
  <testcase name="testeTreco2SemDesconto" classname="com.pizza.PizzaCaoticaTest" time="0.001"/>
  <testcase name="testeFluxoStatusCompleto2" classname="com.pizza.PizzaCaoticaTest" time="0.0"/>
</testsuite>